server tun in 3000
I received a GET requested
[ { _id: 55ea48ffd25ae10a7beb38fe,
    nopol: 'H 4566 KA',
    jenis: 'vespa' },
  { _id: 55ea4ddbd25ae10a7beb38ff,
    nopol: 'H 4567 KA',
    jenis: 'vespa' },
  { _id: 55ea4ddbd25ae10a7beb3900,
    nopol: 'H 4568 KA',
    jenis: 'vespa' },
  { _id: 55eab46fb731df10182bd48d,
    nopol: 'H 4444 KA',
    jenis: 'vesoa' },
  { _id: 55eab4d9b731df10182bd48e,
    nopol: 'H 555 KA',
    jenis: 'vespa' },
  { _id: 55eab504b731df10182bd48f,
    nopol: 'H 5555 KA',
    jenis: 'VESPA' },
  { _id: 55eab506b731df10182bd490,
    nopol: 'H 5555 KA',
    jenis: 'VESPA' },
  { _id: 55eab506b731df10182bd491,
    nopol: 'H 5555 KA',
    jenis: 'VESPA' },
  { _id: 55eab506b731df10182bd492,
    nopol: 'H 5555 KA',
    jenis: 'VESPA' },
  { _id: 55eab506b731df10182bd493,
    nopol: 'H 5555 KA',
    jenis: 'VESPA' },
  { _id: 55eab507b731df10182bd494,
    nopol: 'H 5555 KA',
    jenis: 'VESPA' },
  { _id: 55eab507b731df10182bd495,
    nopol: 'H 5555 KA',
    jenis: 'VESPA' },
  { _id: 55eab60fb731df10182bd496,
    nopol: 'H 6666 KA',
    jenis: 'omah' },
  { _id: 55ecf057bc5ca94813f472b5, nopol: 'tes', jenis: 'tes' } ]
I received a GET requested
[ { _id: 55ea48ffd25ae10a7beb38fe,
    nopol: 'H 4566 KA',
    jenis: 'vespa' },
  { _id: 55ea4ddbd25ae10a7beb38ff,
    nopol: 'H 4567 KA',
    jenis: 'vespa' },
  { _id: 55ea4ddbd25ae10a7beb3900,
    nopol: 'H 4568 KA',
    jenis: 'vespa' },
  { _id: 55eab46fb731df10182bd48d,
    nopol: 'H 4444 KA',
    jenis: 'vesoa' },
  { _id: 55eab4d9b731df10182bd48e,
    nopol: 'H 555 KA',
    jenis: 'vespa' },
  { _id: 55eab504b731df10182bd48f,
    nopol: 'H 5555 KA',
    jenis: 'VESPA' },
  { _id: 55eab506b731df10182bd490,
    nopol: 'H 5555 KA',
    jenis: 'VESPA' },
  { _id: 55eab506b731df10182bd491,
    nopol: 'H 5555 KA',
    jenis: 'VESPA' },
  { _id: 55eab506b731df10182bd492,
    nopol: 'H 5555 KA',
    jenis: 'VESPA' },
  { _id: 55eab506b731df10182bd493,
    nopol: 'H 5555 KA',
    jenis: 'VESPA' },
  { _id: 55eab507b731df10182bd494,
    nopol: 'H 5555 KA',
    jenis: 'VESPA' },
  { _id: 55eab507b731df10182bd495,
    nopol: 'H 5555 KA',
    jenis: 'VESPA' },
  { _id: 55eab60fb731df10182bd496,
    nopol: 'H 6666 KA',
    jenis: 'omah' },
  { _id: 55ecf057bc5ca94813f472b5, nopol: 'tes', jenis: 'tes' } ]
I received a GET requested
[ { _id: 55ea48ffd25ae10a7beb38fe,
    nopol: 'H 4566 KA',
    jenis: 'vespa' },
  { _id: 55ea4ddbd25ae10a7beb38ff,
    nopol: 'H 4567 KA',
    jenis: 'vespa' },
  { _id: 55ea4ddbd25ae10a7beb3900,
    nopol: 'H 4568 KA',
    jenis: 'vespa' },
  { _id: 55eab46fb731df10182bd48d,
    nopol: 'H 4444 KA',
    jenis: 'vesoa' },
  { _id: 55eab507b731df10182bd495,
    nopol: 'H 5555 KA',
    jenis: 'VESPA' },
  { _id: 55eab60fb731df10182bd496,
    nopol: 'H 6666 KA',
    jenis: 'omah' },
  { _id: 55ecf057bc5ca94813f472b5, nopol: 'tes', jenis: 'tes' } ]
I received a GET requested
[ { _id: 55ea48ffd25ae10a7beb38fe,
    nopol: 'H 4566 KA',
    jenis: 'vespa' },
  { _id: 55ea4ddbd25ae10a7beb38ff,
    nopol: 'H 4567 KA',
    jenis: 'vespa' },
  { _id: 55ea4ddbd25ae10a7beb3900,
    nopol: 'H 4568 KA',
    jenis: 'vespa' },
  { _id: 55eab46fb731df10182bd48d,
    nopol: 'H 4444 KA',
    jenis: 'vesoa' },
  { _id: 55eab507b731df10182bd495,
    nopol: 'H 5555 KA',
    jenis: 'VESPA' },
  { _id: 55eab60fb731df10182bd496,
    nopol: 'H 6666 KA',
    jenis: 'omah' },
  { _id: 55ecf057bc5ca94813f472b5, nopol: 'tes', jenis: 'tes' } ]
I received a GET requested
[ { _id: 55ea48ffd25ae10a7beb38fe,
    nopol: 'H 4566 KA',
    jenis: 'vespa' },
  { _id: 55ea4ddbd25ae10a7beb38ff,
    nopol: 'H 4567 KA',
    jenis: 'vespa' },
  { _id: 55ea4ddbd25ae10a7beb3900,
    nopol: 'H 4568 KA',
    jenis: 'vespa' },
  { _id: 55eab46fb731df10182bd48d,
    nopol: 'H 4444 KA',
    jenis: 'vesoa' },
  { _id: 55eab507b731df10182bd495,
    nopol: 'H 5555 KA',
    jenis: 'VESPA' },
  { _id: 55eab60fb731df10182bd496,
    nopol: 'H 6666 KA',
    jenis: 'omah' },
  { _id: 55ecf057bc5ca94813f472b5, nopol: 'tes', jenis: 'tes' } ]
I received a GET requested
[ { _id: 55ea48ffd25ae10a7beb38fe,
    nopol: 'H 4566 KA',
    jenis: 'vespa' },
  { _id: 55ea4ddbd25ae10a7beb38ff,
    nopol: 'H 4567 KA',
    jenis: 'vespa' },
  { _id: 55ea4ddbd25ae10a7beb3900,
    nopol: 'H 4568 KA',
    jenis: 'vespa' },
  { _id: 55eab46fb731df10182bd48d,
    nopol: 'H 4444 KA',
    jenis: 'vesoa' },
  { _id: 55eab507b731df10182bd495,
    nopol: 'H 5555 KA',
    jenis: 'VESPA' },
  { _id: 55eab60fb731df10182bd496,
    nopol: 'H 6666 KA',
    jenis: 'omah' },
  { _id: 55ecf057bc5ca94813f472b5, nopol: 'tes', jenis: 'tes' } ]
I received a GET requested
[ { _id: 55ea48ffd25ae10a7beb38fe,
    nopol: 'H 4566 KA',
    jenis: 'vespa' },
  { _id: 55ea4ddbd25ae10a7beb38ff,
    nopol: 'H 4567 KA',
    jenis: 'vespa' },
  { _id: 55ea4ddbd25ae10a7beb3900,
    nopol: 'H 4568 KA',
    jenis: 'vespa' },
  { _id: 55eab46fb731df10182bd48d,
    nopol: 'H 4444 KA',
    jenis: 'vesoa' },
  { _id: 55eab507b731df10182bd495,
    nopol: 'H 5555 KA',
    jenis: 'VESPA' },
  { _id: 55eab60fb731df10182bd496,
    nopol: 'H 6666 KA',
    jenis: 'omah' },
  { _id: 55ecf057bc5ca94813f472b5, nopol: 'tes', jenis: 'tes' } ]
I received a GET requested
[ { _id: 55ea48ffd25ae10a7beb38fe,
    nopol: 'H 4566 KA',
    jenis: 'vespa' },
  { _id: 55ea4ddbd25ae10a7beb38ff,
    nopol: 'H 4567 KA',
    jenis: 'vespa' },
  { _id: 55ea4ddbd25ae10a7beb3900,
    nopol: 'H 4568 KA',
    jenis: 'vespa' },
  { _id: 55eab46fb731df10182bd48d,
    nopol: 'H 4444 KA',
    jenis: 'vesoa' },
  { _id: 55eab507b731df10182bd495,
    nopol: 'H 5555 KA',
    jenis: 'VESPA' },
  { _id: 55eab60fb731df10182bd496,
    nopol: 'H 6666 KA',
    jenis: 'omah' },
  { _id: 55ecf057bc5ca94813f472b5, nopol: 'tes', jenis: 'tes' } ]
I received a GET requested
[ { _id: 55ea48ffd25ae10a7beb38fe,
    nopol: 'H 4566 KA',
    jenis: 'vespa' },
  { _id: 55ea4ddbd25ae10a7beb38ff,
    nopol: 'H 4567 KA',
    jenis: 'vespa' },
  { _id: 55ea4ddbd25ae10a7beb3900,
    nopol: 'H 4568 KA',
    jenis: 'vespa' },
  { _id: 55eab46fb731df10182bd48d,
    nopol: 'H 4444 KA',
    jenis: 'vesoa' },
  { _id: 55eab507b731df10182bd495,
    nopol: 'H 5555 KA',
    jenis: 'VESPA' },
  { _id: 55eab60fb731df10182bd496,
    nopol: 'H 6666 KA',
    jenis: 'omah' },
  { _id: 55ecf057bc5ca94813f472b5, nopol: 'tes', jenis: 'tes' } ]
I received a GET requested
[ { _id: 55ea48ffd25ae10a7beb38fe,
    nopol: 'H 4566 KA',
    jenis: 'vespa' },
  { _id: 55ea4ddbd25ae10a7beb38ff,
    nopol: 'H 4567 KA',
    jenis: 'vespa' },
  { _id: 55ea4ddbd25ae10a7beb3900,
    nopol: 'H 4568 KA',
    jenis: 'vespa' },
  { _id: 55eab46fb731df10182bd48d,
    nopol: 'H 4444 KA',
    jenis: 'vesoa' },
  { _id: 55eab507b731df10182bd495,
    nopol: 'H 5555 KA',
    jenis: 'VESPA' },
  { _id: 55eab60fb731df10182bd496,
    nopol: 'H 6666 KA',
    jenis: 'omah' },
  { _id: 55ecf057bc5ca94813f472b5, nopol: 'tes', jenis: 'tes' } ]
I received a GET requested
[ { _id: 55ea48ffd25ae10a7beb38fe,
    nopol: 'H 4566 KA',
    jenis: 'vespa' },
  { _id: 55ea4ddbd25ae10a7beb38ff,
    nopol: 'H 4567 KA',
    jenis: 'vespa' },
  { _id: 55ea4ddbd25ae10a7beb3900,
    nopol: 'H 4568 KA',
    jenis: 'vespa' },
  { _id: 55eab46fb731df10182bd48d,
    nopol: 'H 4444 KA',
    jenis: 'vesoa' },
  { _id: 55eab507b731df10182bd495,
    nopol: 'H 5555 KA',
    jenis: 'VESPA' },
  { _id: 55eab60fb731df10182bd496,
    nopol: 'H 6666 KA',
    jenis: 'omah' },
  { _id: 55ecf057bc5ca94813f472b5, nopol: 'tes', jenis: 'tes' } ]
{ nopol: 'wa', jenis: 'wa' }
I received a GET requested
[ { _id: 55ea48ffd25ae10a7beb38fe,
    nopol: 'H 4566 KA',
    jenis: 'vespa' },
  { _id: 55ea4ddbd25ae10a7beb38ff,
    nopol: 'H 4567 KA',
    jenis: 'vespa' },
  { _id: 55ea4ddbd25ae10a7beb3900,
    nopol: 'H 4568 KA',
    jenis: 'vespa' },
  { _id: 55eab46fb731df10182bd48d,
    nopol: 'H 4444 KA',
    jenis: 'vesoa' },
  { _id: 55eab507b731df10182bd495,
    nopol: 'H 5555 KA',
    jenis: 'VESPA' },
  { _id: 55eab60fb731df10182bd496,
    nopol: 'H 6666 KA',
    jenis: 'omah' },
  { _id: 55ecf057bc5ca94813f472b5, nopol: 'tes', jenis: 'tes' },
  { _id: 55ee4e3d5c5373dc02fa709e, nopol: 'wa', jenis: 'wa' } ]
